TunaPasta13/proguard/mapping.txt
android.support.v4.content.FileProvider$SimplePathStrategy -> android.support.v4.content.b:
    java.lang.String mAuthority -> a
    java.util.HashMap mRoots -> b
    void addRoot(java.lang.String,java.io.File) -> a
    java.io.File getFileForUri(android.net.Uri) -> a
android.support.v4.content.Loader -> android.support.v4.content.c:
    int mId -> a
    android.support.v4.content.Loader$OnLoadCompleteListener mListener -> b
    boolean mStarted -> c
    boolean mAbandoned -> d
    boolean mReset -> e
    boolean mContentChanged -> f
    boolean mProcessingChange -> g
    void registerListener(int,android.support.v4.content.Loader$OnLoadCompleteListener) -> a
    void unregisterListener(android.support.v4.content.Loader$OnLoadCompleteListener) -> a
    void startLoading() -> a
    void stopLoading() -> b
    void reset() -> c
    java.lang.String toString() -> toString
    void dump$ec96877(java.lang.String,java.io.PrintWriter) -> a
android.support.v4.content.Loader$OnLoadCompleteListener -> android.support.v4.content.d:
android.support.v4.content.WakefulBroadcastReceiver -> android.support.v4.content.WakefulBroadcastReceiver:
    android.util.SparseArray mActiveWakeLocks -> a
    int mNextId -> b
android.support.v4.os.ParcelableCompat -> android.support.v4.a.a:
    android.os.Parcelable$Creator newCreator(android.support.v4.os.ParcelableCompatCreatorCallbacks) -> a
android.support.v4.os.ParcelableCompat$CompatCreator -> android.support.v4.a.b:
    android.support.v4.os.ParcelableCompatCreatorCallbacks mCallbacks -> a
    java.lang.Object createFromParcel(android.os.Parcel) -> createFromParcel
    java.lang.Object[] newArray(int) -> newArray
android.support.v4.os.ParcelableCompatCreatorCallbacks -> android.support.v4.a.c:
    java.lang.Object createFromParcel(android.os.Parcel,java.lang.ClassLoader) -> a
    java.lang.Object[] newArray(int) -> a
android.support.v4.os.ParcelableCompatCreatorHoneycombMR2 -> android.support.v4.a.d:
    android.support.v4.os.ParcelableCompatCreatorCallbacks mCallbacks -> a
    java.lang.Object createFromParcel(android.os.Parcel) -> createFromParcel
    java.lang.Object createFromParcel(android.os.Parcel,java.lang.ClassLoader) -> createFromParcel
    java.lang.Object[] newArray(int) -> newArray
android.support.v4.util.DebugUtils -> android.support.v4.b.a:
    void buildShortClassTag(java.lang.Object,java.lang.StringBuilder) -> a
android.support.v4.util.LogWriter -> android.support.v4.b.b:
    java.lang.String mTag -> a
    java.lang.StringBuilder mBuilder -> b
    void close() -> close
    void flush() -> flush
    void write(char[],int,int) -> write
    void flushBuilder() -> a
android.support.v4.util.SparseArrayCompat -> android.support.v4.b.c:
    java.lang.Object DELETED -> a
    boolean mGarbage -> b
    int[] mKeys -> c
    java.lang.Object[] mValues -> d
    int mSize -> e
    void gc() -> c
    int size() -> a
    int keyAt(int) -> a
    java.lang.Object valueAt(int) -> b
    void clear() -> b